10-14 11:11:51:740 {main} INFO  top.Seiei.logger.AboutCommonsLogging
Start

10-14 11:11:51:741 {main} ERROR top.Seiei.logger.AboutCommonsLoggingDemo
报错

java.lang.NumberFormatException: null
	at java.lang.Integer.parseInt(Unknown Source) ~[?:1.8.0_181]
	at java.lang.Integer.parseInt(Unknown Source) ~[?:1.8.0_181]
	at top.Seiei.logger.AboutCommonsLoggingDemo.main(AboutCommonsLoggingDemo.java:18) [classes/:?]
10-14 11:16:17:829 {main} INFO  top.Seiei.logger.AboutCommonsLogging
Start

10-14 11:16:17:829 {main} ERROR top.Seiei.logger.AboutCommonsLoggingDemo
报错

java.lang.NumberFormatException: null
	at java.lang.Integer.parseInt(Unknown Source) ~[?:1.8.0_181]
	at java.lang.Integer.parseInt(Unknown Source) ~[?:1.8.0_181]
	at top.Seiei.logger.AboutCommonsLoggingDemo.main(AboutCommonsLoggingDemo.java:18) [classes/:?]
10-14 11:18:38:273 {main} INFO  top.Seiei.logger.AboutCommonsLogging
Start

10-14 11:18:38:274 {main} ERROR top.Seiei.logger.AboutCommonsLoggingDemo
报错

java.lang.NumberFormatException: null
	at java.lang.Integer.parseInt(Unknown Source) ~[?:1.8.0_181]
	at java.lang.Integer.parseInt(Unknown Source) ~[?:1.8.0_181]
	at top.Seiei.logger.AboutCommonsLoggingDemo.main(AboutCommonsLoggingDemo.java:18) [classes/:?]
10-14 11:24:06:694 {main} INFO  top.Seiei.logger.AboutCommonsLogging
Start

10-14 11:24:06:695 {main} ERROR top.Seiei.logger.AboutCommonsLoggingDemo
报错

java.lang.NumberFormatException: null
	at java.lang.Integer.parseInt(Unknown Source) ~[?:1.8.0_181]
	at java.lang.Integer.parseInt(Unknown Source) ~[?:1.8.0_181]
	at top.Seiei.logger.AboutCommonsLoggingDemo.main(AboutCommonsLoggingDemo.java:18) [classes/:?]
10-18 09:40:49:142 {main} INFO  top.Seiei.logger.AboutCommonsLogging
Start

10-18 09:40:49:177 {main} ERROR top.Seiei.logger.AboutCommonsLoggingDemo
报错

java.lang.NumberFormatException: null
	at java.lang.Integer.parseInt(Integer.java:542) ~[?:1.8.0_171]
	at java.lang.Integer.parseInt(Integer.java:615) ~[?:1.8.0_171]
	at top.Seiei.logger.AboutCommonsLoggingDemo.main(AboutCommonsLoggingDemo.java:19) [classes/:?]
